TN:test
SF:/home/flexdog_wsl/21school/Project/C7_BrickGame_v1.0-1/src/brick_game/tetris/free.c
FN:20,29,freeGame
FN:35,37,freeGameInfo
FN:43,49,freeField
FN:55,67,freeFigure
FN:73,80,freeFiguresT
FNDA:19,freeGame
FNDA:19,freeGameInfo
FNDA:19,freeField
FNDA:21,freeFigure
FNDA:19,freeFiguresT
FNF:5
FNH:5
DA:20,19
DA:21,19
DA:22,19
DA:23,19
DA:24,19
DA:25,19
DA:26,19
DA:27,19
DA:29,19
DA:35,19
DA:36,19
DA:37,19
DA:43,19
DA:44,19
DA:45,399
DA:46,19
DA:47,19
DA:49,19
DA:55,21
DA:56,21
DA:57,21
DA:58,126
DA:59,105
DA:60,105
DA:63,21
DA:65,21
DA:67,21
DA:73,19
DA:74,19
DA:75,19
DA:76,19
DA:78,19
DA:80,19
LF:33
LH:33
end_of_record
TN:test
SF:/home/flexdog_wsl/21school/Project/C7_BrickGame_v1.0-1/src/brick_game/tetris/init.c
FN:109,113,createPlayer
FN:119,125,saveHighScore
FN:131,139,loadHighScore
FN:18,31,initGame
FN:37,50,createGameInfo
FN:56,67,createField
FN:73,82,createFigure
FN:88,103,createFiguresT
FNDA:19,createPlayer
FNDA:4,saveHighScore
FNDA:19,loadHighScore
FNDA:19,initGame
FNDA:19,createGameInfo
FNDA:19,createField
FNDA:21,createFigure
FNDA:19,createFiguresT
FNF:8
FNH:8
DA:18,19
DA:19,19
DA:21,19
DA:22,19
DA:23,19
DA:24,19
DA:25,19
DA:26,19
DA:28,19
DA:30,19
DA:37,19
DA:38,19
DA:39,19
DA:40,19
DA:41,19
DA:42,19
DA:43,19
DA:44,19
DA:45,19
DA:46,19
DA:47,19
DA:49,19
DA:56,19
DA:57,19
DA:58,19
DA:59,399
DA:60,380
DA:61,4180
DA:62,3800
DA:66,19
DA:73,21
DA:74,21
DA:75,21
DA:76,21
DA:77,21
DA:78,126
DA:79,105
DA:81,21
DA:88,19
DA:89,19
DA:91,19
DA:92,19
DA:93,19
DA:94,19
DA:95,19
DA:96,19
DA:97,19
DA:98,19
DA:100,19
DA:102,19
DA:109,19
DA:110,19
DA:111,19
DA:112,19
DA:119,4
DA:120,4
DA:121,4
DA:122,4
DA:123,4
DA:125,4
DA:131,19
DA:132,19
DA:133,19
DA:134,19
DA:135,19
DA:136,19
DA:138,19
LF:67
LH:67
end_of_record
TN:test
SF:/home/flexdog_wsl/21school/Project/C7_BrickGame_v1.0-1/src/brick_game/tetris/logic.c
FN:105,120,calcOne
FN:128,145,collision
FN:151,161,plantFigure
FN:16,18,inField
FN:169,178,eraseLines
FN:186,191,lineFilled
FN:198,206,dropLine
FN:212,220,pause_game
FN:226,231,down
FN:23,23,upFigure
FN:237,242,left
FN:248,253,right
FN:259,270,rotate
FN:277,288,rotationFigure
FN:28,28,downFigure
FN:294,322,countScore
FN:33,33,leftFigure
FN:38,38,rightFigure
FN:44,58,dropNewFigure
FN:65,98,calculate
FNDA:2,calcOne
FNDA:8,collision
FNDA:1,plantFigure
FNDA:30,inField
FNDA:5,eraseLines
FNDA:110,lineFilled
FNDA:10,dropLine
FNDA:3,pause_game
FNDA:1,down
FNDA:1,upFigure
FNDA:1,left
FNDA:1,right
FNDA:1,rotate
FNDA:1,rotationFigure
FNDA:3,downFigure
FNDA:5,countScore
FNDA:1,leftFigure
FNDA:1,rightFigure
FNDA:20,dropNewFigure
FNDA:26,calculate
FNF:20
FNH:20
DA:16,30
DA:17,30
DA:23,1
DA:28,3
DA:33,1
DA:38,1
DA:44,20
DA:45,20
DA:46,20
DA:47,20
DA:49,120
DA:50,600
DA:51,500
DA:52,500
DA:53,500
DA:56,20
DA:57,20
DA:58,20
DA:65,26
DA:66,26
DA:67,2
DA:68,2
DA:69,26
DA:70,26
DA:71,3
DA:72,3
DA:73,3
DA:74,1
DA:75,1
DA:76,1
DA:77,1
DA:78,1
DA:79,1
DA:80,1
DA:81,1
DA:82,1
DA:83,1
DA:84,1
DA:85,1
DA:86,2
DA:87,2
DA:88,2
DA:89,16
DA:90,16
DA:91,16
DA:92,16
DA:93,1
DA:94,1
DA:96,26
DA:98,26
DA:105,2
DA:106,2
DA:107,2
DA:108,2
DA:109,2
DA:110,1
DA:111,1
DA:112,1
DA:113,1
DA:114,1
DA:115,1
DA:116,1
DA:117,0
DA:120,2
DA:128,8
DA:129,8
DA:130,8
DA:132,42
DA:133,200
DA:134,166
DA:135,166
DA:136,26
DA:137,26
DA:138,26
DA:139,2
DA:140,24
DA:141,0
DA:144,8
DA:151,1
DA:152,6
DA:153,30
DA:154,25
DA:155,4
DA:156,4
DA:157,4
DA:158,0
DA:161,1
DA:169,5
DA:170,5
DA:171,105
DA:172,110
DA:173,10
DA:174,10
DA:177,5
DA:186,110
DA:187,110
DA:188,310
DA:189,200
DA:190,110
DA:198,10
DA:199,10
DA:200,0
DA:202,200
DA:203,2090
DA:204,1900
DA:206,10
DA:212,3
DA:213,3
DA:214,1
DA:215,1
DA:217,2
DA:218,2
DA:220,3
DA:226,1
DA:227,1
DA:228,1
DA:229,1
DA:231,1
DA:237,1
DA:238,1
DA:239,1
DA:240,1
DA:242,1
DA:248,1
DA:249,1
DA:250,1
DA:251,1
DA:253,1
DA:259,1
DA:260,1
DA:261,1
DA:262,1
DA:263,1
DA:264,0
DA:265,0
DA:267,1
DA:270,1
DA:277,1
DA:278,1
DA:279,1
DA:280,1
DA:282,6
DA:283,30
DA:284,25
DA:285,25
DA:287,1
DA:294,5
DA:295,5
DA:296,5
DA:297,1
DA:298,1
DA:299,1
DA:300,1
DA:301,1
DA:302,1
DA:303,1
DA:304,1
DA:305,1
DA:306,1
DA:307,1
DA:308,1
DA:309,1
DA:310,1
DA:312,5
DA:313,4
DA:314,4
DA:317,5
DA:318,5
DA:319,2
DA:320,2
DA:322,5
LF:171
LH:165
end_of_record
